<?xml version="1.0" encoding="UTF-8"?>
<testsuite name="com.cognizant.digital.technology.exercise.service.MovieServiceTest" tests="4" skipped="0" failures="0" errors="0" timestamp="2019-09-13T18:28:22" hostname="DESKTOP-IFKHLR1" time="0.071">
  <properties/>
  <testcase name="findAllMoviesReturnsListOfAllMovies" classname="com.cognizant.digital.technology.exercise.service.MovieServiceTest" time="0.068"/>
  <testcase name="findAllMoviesReturnsListOfSpecificMovies" classname="com.cognizant.digital.technology.exercise.service.MovieServiceTest" time="0.0"/>
  <testcase name="findMovieReturnsMovie" classname="com.cognizant.digital.technology.exercise.service.MovieServiceTest" time="0.001"/>
  <testcase name="findMovieReturnsNullIfNoneFound" classname="com.cognizant.digital.technology.exercise.service.MovieServiceTest" time="0.001"/>
  <system-out><![CDATA[]]></system-out>
  <system-err><![CDATA[]]></system-err>
</testsuite>
