<?xml version="1.0" encoding="UTF-8"?>
<testsuite name="com.cognizant.digital.technology.exercise.ExerciseApplicationTests" tests="1" skipped="0" failures="0" errors="0" timestamp="2019-09-13T18:28:22" hostname="DESKTOP-IFKHLR1" time="0.008">
  <properties/>
  <testcase name="contextLoads" classname="com.cognizant.digital.technology.exercise.ExerciseApplicationTests" time="0.008"/>
  <system-out><![CDATA[14:28:17.800 [Test worker] DEBUG org.springframework.test.context.junit4.SpringJUnit4ClassRunner - SpringJUnit4ClassRunner constructor called with [class com.cognizant.digital.technology.exercise.ExerciseApplicationTests]
14:28:17.805 [Test worker] DEBUG org.springframework.test.context.BootstrapUtils - Instantiating CacheAwareContextLoaderDelegate from class [org.springframework.test.context.cache.DefaultCacheAwareContextLoaderDelegate]
14:28:17.813 [Test worker] DEBUG org.springframework.test.context.BootstrapUtils - Instantiating BootstrapContext using constructor [public org.springframework.test.context.support.DefaultBootstrapContext(java.lang.Class,org.springframework.test.context.CacheAwareContextLoaderDelegate)]
14:28:17.833 [Test worker] DEBUG org.springframework.test.context.BootstrapUtils - Instantiating TestContextBootstrapper for test class [com.cognizant.digital.technology.exercise.ExerciseApplicationTests] from class [org.springframework.boot.test.context.SpringBootTestContextBootstrapper]
14:28:17.844 [Test worker] INFO org.springframework.boot.test.context.SpringBootTestContextBootstrapper - Neither @ContextConfiguration nor @ContextHierarchy found for test class [com.cognizant.digital.technology.exercise.ExerciseApplicationTests], using SpringBootContextLoader
14:28:17.848 [Test worker] DEBUG org.springframework.test.context.support.AbstractContextLoader - Did not detect default resource location for test class [com.cognizant.digital.technology.exercise.ExerciseApplicationTests]: class path resource [com/cognizant/digital/technology/exercise/ExerciseApplicationTests-context.xml] does not exist
14:28:17.849 [Test worker] DEBUG org.springframework.test.context.support.AbstractContextLoader - Did not detect default resource location for test class [com.cognizant.digital.technology.exercise.ExerciseApplicationTests]: class path resource [com/cognizant/digital/technology/exercise/ExerciseApplicationTestsContext.groovy] does not exist
14:28:17.849 [Test worker] INFO org.springframework.test.context.support.AbstractContextLoader - Could not detect default resource locations for test class [com.cognizant.digital.technology.exercise.ExerciseApplicationTests]: no resource found for suffixes {-context.xml, Context.groovy}.
14:28:17.850 [Test worker] INFO org.springframework.test.context.support.AnnotationConfigContextLoaderUtils - Could not detect default configuration classes for test class [com.cognizant.digital.technology.exercise.ExerciseApplicationTests]: ExerciseApplicationTests does not declare any static, non-private, non-final, nested classes annotated with @Configuration.
14:28:17.897 [Test worker] DEBUG org.springframework.test.context.support.ActiveProfilesUtils - Could not find an 'annotation declaring class' for annotation type [org.springframework.test.context.ActiveProfiles] and class [com.cognizant.digital.technology.exercise.ExerciseApplicationTests]
14:28:17.959 [Test worker] DEBUG org.springframework.context.annotation.ClassPathScanningCandidateComponentProvider - Identified candidate component class: file [C:\Users\pjd19\projects\01-office-app\movie-exercise\backend\build\classes\java\main\com\cognizant\digital\technology\exercise\ExerciseApplication.class]
14:28:17.961 [Test worker] INFO org.springframework.boot.test.context.SpringBootTestContextBootstrapper - Found @SpringBootConfiguration com.cognizant.digital.technology.exercise.ExerciseApplication for test class com.cognizant.digital.technology.exercise.ExerciseApplicationTests
14:28:18.049 [Test worker] DEBUG org.springframework.boot.test.context.SpringBootTestContextBootstrapper - @TestExecutionListeners is not present for class [com.cognizant.digital.technology.exercise.ExerciseApplicationTests]: using defaults.
14:28:18.049 [Test worker] INFO org.springframework.boot.test.context.SpringBootTestContextBootstrapper - Loaded default TestExecutionListener class names from location [META-INF/spring.factories]: [org.springframework.boot.test.autoconfigure.restdocs.RestDocsTestExecutionListener, org.springframework.boot.test.autoconfigure.web.client.MockRestServiceServerResetTestExecutionListener, org.springframework.boot.test.autoconfigure.web.servlet.MockMvcPrintOnlyOnFailureTestExecutionListener, org.springframework.boot.test.autoconfigure.web.servlet.WebDriverTestExecutionListener, org.springframework.boot.test.mock.mockito.MockitoTestExecutionListener, org.springframework.boot.test.mock.mockito.ResetMocksTestExecutionListener, org.springframework.test.context.web.ServletTestExecutionListener, org.springframework.test.context.support.DirtiesContextBeforeModesTestExecutionListener, org.springframework.test.context.support.DependencyInjectionTestExecutionListener, org.springframework.test.context.support.DirtiesContextTestExecutionListener, org.springframework.test.context.transaction.TransactionalTestExecutionListener, org.springframework.test.context.jdbc.SqlScriptsTestExecutionListener]
14:28:18.068 [Test worker] INFO org.springframework.boot.test.context.SpringBootTestContextBootstrapper - Using TestExecutionListeners: [org.springframework.test.context.web.ServletTestExecutionListener@3588202c, org.springframework.test.context.support.DirtiesContextBeforeModesTestExecutionListener@7ccd3641, org.springframework.boot.test.mock.mockito.MockitoTestExecutionListener@3abbc1b5, org.springframework.boot.test.autoconfigure.SpringBootDependencyInjectionTestExecutionListener@5535217a, org.springframework.test.context.support.DirtiesContextTestExecutionListener@21c8f2b0, org.springframework.test.context.transaction.TransactionalTestExecutionListener@3422a7f6, org.springframework.test.context.jdbc.SqlScriptsTestExecutionListener@50707eae, org.springframework.boot.test.autoconfigure.restdocs.RestDocsTestExecutionListener@2c32ab2b, org.springframework.boot.test.autoconfigure.web.client.MockRestServiceServerResetTestExecutionListener@4a89916f, org.springframework.boot.test.autoconfigure.web.servlet.MockMvcPrintOnlyOnFailureTestExecutionListener@6bb592df, org.springframework.boot.test.autoconfigure.web.servlet.WebDriverTestExecutionListener@38631409, org.springframework.boot.test.mock.mockito.ResetMocksTestExecutionListener@1318bdd]
14:28:18.070 [Test worker] DEBUG org.springframework.test.annotation.ProfileValueUtils - Retrieved @ProfileValueSourceConfiguration [null] for test class [com.cognizant.digital.technology.exercise.ExerciseApplicationTests]
14:28:18.070 [Test worker] DEBUG org.springframework.test.annotation.ProfileValueUtils - Retrieved ProfileValueSource type [class org.springframework.test.annotation.SystemProfileValueSource] for class [com.cognizant.digital.technology.exercise.ExerciseApplicationTests]
14:28:18.070 [Test worker] DEBUG org.springframework.test.annotation.ProfileValueUtils - Retrieved @ProfileValueSourceConfiguration [null] for test class [com.cognizant.digital.technology.exercise.ExerciseApplicationTests]
14:28:18.070 [Test worker] DEBUG org.springframework.test.annotation.ProfileValueUtils - Retrieved ProfileValueSource type [class org.springframework.test.annotation.SystemProfileValueSource] for class [com.cognizant.digital.technology.exercise.ExerciseApplicationTests]
14:28:18.074 [Test worker] DEBUG org.springframework.test.context.support.AbstractDirtiesContextTestExecutionListener - Before test class: context [DefaultTestContext@77430c9a testClass = ExerciseApplicationTests, testInstance = [null], testMethod = [null], testException = [null], mergedContextConfiguration = [WebMergedContextConfiguration@495dee37 testClass = ExerciseApplicationTests, locations = '{}', classes = '{class com.cognizant.digital.technology.exercise.ExerciseApplication}', contextInitializerClasses = '[]', activeProfiles = '{}', propertySourceLocations = '{}', propertySourceProperties = '{org.springframework.boot.test.context.SpringBootTestContextBootstrapper=true}', contextCustomizers = set[org.springframework.boot.test.autoconfigure.properties.PropertyMappingContextCustomizer@0, org.springframework.boot.test.autoconfigure.web.servlet.WebDriverContextCustomizerFactory$Customizer@8714901, org.springframework.boot.test.context.filter.ExcludeFilterContextCustomizer@60ecc291, org.springframework.boot.test.json.DuplicateJsonObjectContextCustomizerFactory$DuplicateJsonObjectContextCustomizer@3472bc0b, org.springframework.boot.test.mock.mockito.MockitoContextCustomizer@0, org.springframework.boot.test.web.client.TestRestTemplateContextCustomizer@2c2a01f0], resourceBasePath = 'src/main/webapp', contextLoader = 'org.springframework.boot.test.context.SpringBootContextLoader', parent = [null]], attributes = map['org.springframework.test.context.web.ServletTestExecutionListener.activateListener' -> true]], class annotated with @DirtiesContext [false] with mode [null].
14:28:18.074 [Test worker] DEBUG org.springframework.test.annotation.ProfileValueUtils - Retrieved @ProfileValueSourceConfiguration [null] for test class [com.cognizant.digital.technology.exercise.ExerciseApplicationTests]
14:28:18.074 [Test worker] DEBUG org.springframework.test.annotation.ProfileValueUtils - Retrieved ProfileValueSource type [class org.springframework.test.annotation.SystemProfileValueSource] for class [com.cognizant.digital.technology.exercise.ExerciseApplicationTests]
14:28:18.097 [Test worker] DEBUG org.springframework.test.context.support.TestPropertySourceUtils - Adding inlined properties to environment: {spring.jmx.enabled=false, org.springframework.boot.test.context.SpringBootTestContextBootstrapper=true, server.port=-1}

  .   ____          _            __ _ _
 /\\ / ___'_ __ _ _(_)_ __  __ _ \ \ \ \
( ( )\___ | '_ | '_| | '_ \/ _` | \ \ \ \
 \\/  ___)| |_)| | | | | || (_| |  ) ) ) )
  '  |____| .__|_| |_|_| |_\__, | / / / /
 =========|_|==============|___/=/_/_/_/
 :: Spring Boot ::        (v2.1.8.RELEASE)

2019-09-13 14:28:18.433  INFO 15952 --- [    Test worker] c.c.d.t.e.ExerciseApplicationTests       : Starting ExerciseApplicationTests on DESKTOP-IFKHLR1 with PID 15952 (started by pjd19 in C:\Users\pjd19\projects\01-office-app\movie-exercise\backend)
2019-09-13 14:28:18.434  INFO 15952 --- [    Test worker] c.c.d.t.e.ExerciseApplicationTests       : No active profile set, falling back to default profiles: default
2019-09-13 14:28:19.171  INFO 15952 --- [    Test worker] .s.d.r.c.RepositoryConfigurationDelegate : Bootstrapping Spring Data repositories in DEFAULT mode.
2019-09-13 14:28:19.246  INFO 15952 --- [    Test worker] .s.d.r.c.RepositoryConfigurationDelegate : Finished Spring Data repository scanning in 66ms. Found 1 repository interfaces.
2019-09-13 14:28:19.691  INFO 15952 --- [    Test worker] trationDelegate$BeanPostProcessorChecker : Bean 'org.springframework.transaction.annotation.ProxyTransactionManagementConfiguration' of type [org.springframework.transaction.annotation.ProxyTransactionManagementConfiguration$$EnhancerBySpringCGLIB$$ebb7a08a] is not eligible for getting processed by all BeanPostProcessors (for example: not eligible for auto-proxying)
2019-09-13 14:28:19.910  INFO 15952 --- [    Test worker] com.zaxxer.hikari.HikariDataSource       : HikariPool-1 - Starting...
2019-09-13 14:28:20.092  INFO 15952 --- [    Test worker] com.zaxxer.hikari.HikariDataSource       : HikariPool-1 - Start completed.
2019-09-13 14:28:20.184  INFO 15952 --- [    Test worker] o.hibernate.jpa.internal.util.LogHelper  : HHH000204: Processing PersistenceUnitInfo [
	name: default
	...]
2019-09-13 14:28:20.265  INFO 15952 --- [    Test worker] org.hibernate.Version                    : HHH000412: Hibernate Core {5.3.11.Final}
2019-09-13 14:28:20.267  INFO 15952 --- [    Test worker] org.hibernate.cfg.Environment            : HHH000206: hibernate.properties not found
2019-09-13 14:28:20.319  INFO 15952 --- [    Test worker] o.hibernate.annotations.common.Version   : HCANN000001: Hibernate Commons Annotations {5.0.4.Final}
2019-09-13 14:28:20.497  INFO 15952 --- [    Test worker] org.hibernate.dialect.Dialect            : HHH000400: Using dialect: org.hibernate.dialect.H2Dialect
2019-09-13 14:28:21.072  INFO 15952 --- [    Test worker] o.h.t.schema.internal.SchemaCreatorImpl  : HHH000476: Executing import script 'ScriptSourceInputFromUrl(file:/C:/Users/pjd19/projects/01-office-app/movie-exercise/backend/build/resources/main/import.sql)'
2019-09-13 14:28:21.079  INFO 15952 --- [    Test worker] j.LocalContainerEntityManagerFactoryBean : Initialized JPA EntityManagerFactory for persistence unit 'default'
2019-09-13 14:28:22.072  INFO 15952 --- [    Test worker] o.s.s.concurrent.ThreadPoolTaskExecutor  : Initializing ExecutorService 'applicationTaskExecutor'
2019-09-13 14:28:22.148  WARN 15952 --- [    Test worker] aWebConfiguration$JpaWebMvcConfiguration : spring.jpa.open-in-view is enabled by default. Therefore, database queries may be performed during view rendering. Explicitly configure spring.jpa.open-in-view to disable this warning
2019-09-13 14:28:22.750  INFO 15952 --- [    Test worker] c.c.d.t.e.ExerciseApplicationTests       : Started ExerciseApplicationTests in 4.644 seconds (JVM running for 6.209)
]]></system-out>
  <system-err><![CDATA[]]></system-err>
</testsuite>
